TN:
SF:index.js
FN:27,(anonymous_0)
FN:34,(anonymous_1)
FN:40,(anonymous_2)
FNF:3
FNH:1
FNDA:0,(anonymous_0)
FNDA:0,(anonymous_1)
FNDA:1,(anonymous_2)
DA:2,1
DA:3,1
DA:4,1
DA:5,1
DA:6,1
DA:7,1
DA:8,1
DA:12,1
DA:13,1
DA:16,1
DA:17,1
DA:18,1
DA:19,1
DA:20,1
DA:23,1
DA:24,1
DA:27,1
DA:28,0
DA:30,0
DA:34,1
DA:35,0
DA:36,0
DA:40,1
DA:43,1
LF:24
LH:20
BRDA:8,0,0,1
BRDA:8,0,1,1
BRDA:28,1,0,0
BRDA:28,1,1,0
BRF:4
BRH:2
end_of_record
TN:
SF:Configs\config.js
FN:13,(anonymous_0)
FNF:1
FNH:1
FNDA:12,(anonymous_0)
DA:1,1
DA:3,1
DA:14,12
LF:3
LH:3
BRDA:19,0,0,1
BRDA:19,0,1,1
BRDA:20,1,0,1
BRDA:20,1,1,1
BRDA:21,2,0,1
BRDA:21,2,1,1
BRDA:22,3,0,1
BRDA:22,3,1,1
BRDA:26,4,0,1
BRDA:26,4,1,1
BRDA:27,5,0,1
BRDA:27,5,1,1
BRDA:28,6,0,1
BRDA:28,6,1,1
BRDA:29,7,0,1
BRDA:29,7,1,1
BRF:16
BRH:16
end_of_record
TN:
SF:Configs\database.js
FN:10,(anonymous_0)
FN:17,(anonymous_1)
FN:20,(anonymous_2)
FN:80,(anonymous_3)
FN:92,handleError
FNF:5
FNH:3
FNDA:4,(anonymous_0)
FNDA:4,(anonymous_1)
FNDA:4,(anonymous_2)
FNDA:0,(anonymous_3)
FNDA:0,handleError
DA:2,1
DA:3,1
DA:4,1
DA:5,1
DA:6,1
DA:7,1
DA:9,1
DA:11,4
DA:13,4
DA:14,4
DA:15,4
DA:17,4
DA:18,4
DA:20,4
DA:21,4
DA:22,0
DA:23,0
DA:24,0
DA:25,0
DA:27,4
DA:28,4
DA:29,4
DA:30,4
DA:81,0
DA:82,0
DA:83,0
DA:84,0
DA:86,0
DA:93,0
DA:94,0
DA:95,0
DA:99,0
DA:101,0
DA:102,0
DA:106,0
DA:108,0
LF:36
LH:19
BRDA:13,0,0,0
BRDA:13,0,1,4
BRDA:14,1,0,4
BRDA:14,1,1,0
BRDA:18,2,0,0
BRDA:18,2,1,4
BRDA:21,3,0,0
BRDA:21,3,1,4
BRDA:27,4,0,4
BRDA:27,4,1,0
BRDA:82,5,0,0
BRDA:82,5,1,0
BRDA:83,6,0,0
BRDA:83,6,1,0
BRDA:94,7,0,0
BRDA:94,7,1,0
BRDA:101,8,0,0
BRDA:101,8,1,0
BRF:18
BRH:5
end_of_record
TN:
SF:Controllers\authentication.controllers.js
FN:10,(anonymous_0)
FN:14,(anonymous_1)
FN:18,(anonymous_2)
FN:26,(anonymous_3)
FN:43,(anonymous_4)
FN:50,(anonymous_5)
FN:54,(anonymous_6)
FN:64,(anonymous_7)
FN:76,(anonymous_8)
FN:82,(anonymous_9)
FN:107,(anonymous_10)
FN:112,(anonymous_11)
FN:115,(anonymous_12)
FN:134,(anonymous_13)
FN:141,(anonymous_14)
FN:146,(anonymous_15)
FN:151,(anonymous_16)
FN:160,generateJWT
FN:168,decodeToken
FNF:19
FNH:5
FNDA:0,(anonymous_0)
FNDA:0,(anonymous_1)
FNDA:0,(anonymous_2)
FNDA:0,(anonymous_3)
FNDA:0,(anonymous_4)
FNDA:0,(anonymous_5)
FNDA:0,(anonymous_6)
FNDA:0,(anonymous_7)
FNDA:0,(anonymous_8)
FNDA:1,(anonymous_9)
FNDA:1,(anonymous_10)
FNDA:1,(anonymous_11)
FNDA:1,(anonymous_12)
FNDA:0,(anonymous_13)
FNDA:0,(anonymous_14)
FNDA:0,(anonymous_15)
FNDA:0,(anonymous_16)
FNDA:1,generateJWT
FNDA:0,decodeToken
DA:2,1
DA:3,1
DA:4,1
DA:5,1
DA:6,1
DA:7,1
DA:9,1
DA:11,0
DA:12,0
DA:14,0
DA:15,0
DA:19,0
DA:20,0
DA:21,0
DA:22,0
DA:23,0
DA:25,0
DA:26,0
DA:27,0
DA:28,0
DA:29,0
DA:31,0
DA:33,0
DA:34,0
DA:35,0
DA:36,0
DA:38,0
DA:39,0
DA:44,0
DA:45,0
DA:46,0
DA:48,0
DA:51,0
DA:52,0
DA:54,0
DA:55,0
DA:56,0
DA:58,0
DA:59,0
DA:60,0
DA:61,0
DA:62,0
DA:64,0
DA:65,0
DA:68,0
DA:76,0
DA:77,0
DA:83,1
DA:86,1
DA:88,0
DA:89,0
DA:90,0
DA:93,0
DA:94,0
DA:95,0
DA:98,0
DA:99,0
DA:100,0
DA:103,1
DA:104,1
DA:107,1
DA:108,1
DA:109,1
DA:112,1
DA:113,1
DA:114,1
DA:115,1
DA:116,1
DA:117,1
DA:118,1
DA:124,1
DA:125,1
DA:131,1
DA:135,0
DA:136,0
DA:137,0
DA:138,0
DA:140,0
DA:141,0
DA:142,0
DA:143,0
DA:144,0
DA:145,0
DA:146,0
DA:147,0
DA:148,0
DA:149,0
DA:151,0
DA:152,0
DA:155,0
DA:161,1
DA:162,1
DA:169,0
DA:170,0
DA:171,0
DA:172,0
DA:174,0
DA:175,0
DA:176,0
DA:178,0
DA:179,0
LF:101
LH:26
BRDA:21,0,0,0
BRDA:21,0,1,0
BRDA:27,1,0,0
BRDA:27,1,1,0
BRDA:33,2,0,0
BRDA:33,2,1,0
BRDA:33,3,0,0
BRDA:33,3,1,0
BRDA:45,4,0,0
BRDA:45,4,1,0
BRDA:55,5,0,0
BRDA:55,5,1,0
BRDA:56,6,0,0
BRDA:56,6,1,0
BRDA:65,7,0,0
BRDA:65,7,1,0
BRDA:86,8,0,0
BRDA:86,8,1,0
BRDA:86,8,2,0
BRDA:86,8,3,1
BRDA:87,9,0,1
BRDA:87,9,1,0
BRDA:87,9,2,0
BRDA:92,10,0,1
BRDA:92,10,1,0
BRDA:92,10,2,0
BRDA:97,11,0,1
BRDA:97,11,1,1
BRDA:97,11,2,0
BRDA:108,12,0,0
BRDA:108,12,1,1
BRDA:109,13,0,0
BRDA:109,13,1,1
BRDA:113,14,0,0
BRDA:113,14,1,1
BRDA:114,15,0,1
BRDA:114,15,1,0
BRDA:116,16,0,0
BRDA:116,16,1,1
BRDA:117,17,0,1
BRDA:117,17,1,0
BRDA:143,18,0,0
BRDA:143,18,1,0
BRDA:144,19,0,0
BRDA:144,19,1,0
BRDA:145,20,0,0
BRDA:145,20,1,0
BRDA:148,21,0,0
BRDA:148,21,1,0
BRDA:170,22,0,0
BRDA:170,22,1,0
BRF:51
BRH:11
end_of_record
TN:
SF:Controllers\company.controllers.js
FN:8,(anonymous_0)
FN:12,(anonymous_1)
FN:18,(anonymous_2)
FN:21,(anonymous_3)
FN:27,(anonymous_4)
FN:44,(anonymous_5)
FN:49,(anonymous_6)
FN:61,(anonymous_7)
FN:65,(anonymous_8)
FN:71,(anonymous_9)
FN:76,(anonymous_10)
FN:80,(anonymous_11)
FNF:12
FNH:0
FNDA:0,(anonymous_0)
FNDA:0,(anonymous_1)
FNDA:0,(anonymous_2)
FNDA:0,(anonymous_3)
FNDA:0,(anonymous_4)
FNDA:0,(anonymous_5)
FNDA:0,(anonymous_6)
FNDA:0,(anonymous_7)
FNDA:0,(anonymous_8)
FNDA:0,(anonymous_9)
FNDA:0,(anonymous_10)
FNDA:0,(anonymous_11)
DA:3,1
DA:4,1
DA:5,1
DA:7,1
DA:9,0
DA:10,0
DA:12,0
DA:13,0
DA:14,0
DA:15,0
DA:19,0
DA:21,0
DA:22,0
DA:23,0
DA:24,0
DA:28,0
DA:30,0
DA:31,0
DA:32,0
DA:33,0
DA:34,0
DA:36,0
DA:44,0
DA:45,0
DA:46,0
DA:50,0
DA:51,0
DA:52,0
DA:53,0
DA:61,0
DA:62,0
DA:63,0
DA:65,0
DA:66,0
DA:67,0
DA:72,0
DA:73,0
DA:74,0
DA:76,0
DA:77,0
DA:78,0
DA:80,0
DA:81,0
DA:82,0
LF:44
LH:4
BRDA:13,0,0,0
BRDA:13,0,1,0
BRDA:14,1,0,0
BRDA:14,1,1,0
BRDA:22,2,0,0
BRDA:22,2,1,0
BRDA:23,3,0,0
BRDA:23,3,1,0
BRDA:45,4,0,0
BRDA:45,4,1,0
BRDA:62,5,0,0
BRDA:62,5,1,0
BRDA:63,6,0,0
BRDA:63,6,1,0
BRDA:66,7,0,0
BRDA:66,7,1,0
BRDA:77,8,0,0
BRDA:77,8,1,0
BRDA:78,9,0,0
BRDA:78,9,1,0
BRDA:81,10,0,0
BRDA:81,10,1,0
BRF:22
BRH:0
end_of_record
TN:
SF:Models\company.models.js
FN:2,(anonymous_0)
FNF:1
FNH:0
FNDA:0,(anonymous_0)
DA:3,0
DA:4,0
DA:5,0
DA:6,0
DA:7,0
DA:8,0
DA:12,1
LF:7
LH:1
BRF:0
BRH:0
end_of_record
TN:
SF:Models\user.models.js
FN:2,(anonymous_0)
FNF:1
FNH:0
FNDA:0,(anonymous_0)
DA:3,0
DA:4,0
DA:5,0
DA:6,0
DA:7,0
DA:8,0
DA:9,0
DA:13,1
LF:8
LH:1
BRF:0
BRH:0
end_of_record
TN:
SF:Routes\authentication.routes.js
FNF:0
FNH:0
DA:1,1
DA:2,1
DA:3,1
DA:5,1
DA:7,1
DA:9,1
DA:11,1
DA:13,1
DA:15,1
LF:9
LH:9
BRF:0
BRH:0
end_of_record
TN:
SF:Routes\company.routes.js
FNF:0
FNH:0
DA:1,1
DA:2,1
DA:3,1
DA:4,1
DA:6,1
DA:8,1
DA:10,1
DA:12,1
DA:14,1
DA:16,1
LF:10
LH:10
BRF:0
BRH:0
end_of_record
TN:
SF:Tests\auth.spec.js
FN:14,(anonymous_0)
FN:16,(anonymous_1)
FN:18,(anonymous_2)
FN:22,(anonymous_3)
FN:30,(anonymous_4)
FN:32,(anonymous_5)
FN:40,(anonymous_6)
FNF:7
FNH:7
FNDA:1,(anonymous_0)
FNDA:1,(anonymous_1)
FNDA:1,(anonymous_2)
FNDA:1,(anonymous_3)
FNDA:1,(anonymous_4)
FNDA:1,(anonymous_5)
FNDA:1,(anonymous_6)
DA:3,1
DA:4,1
DA:5,1
DA:6,1
DA:7,1
DA:8,1
DA:9,1
DA:10,1
DA:14,1
DA:16,1
DA:17,1
DA:18,1
DA:19,1
DA:20,1
DA:22,1
DA:23,1
DA:24,1
DA:25,1
DA:30,1
DA:31,1
DA:32,1
DA:33,1
DA:34,1
DA:35,1
DA:40,1
DA:41,1
DA:46,1
DA:47,1
DA:49,1
DA:51,1
DA:52,1
DA:53,1
DA:54,1
LF:33
LH:33
BRDA:20,0,0,0
BRDA:20,0,1,1
BRDA:23,1,0,0
BRDA:23,1,1,1
BRDA:33,2,0,0
BRDA:33,2,1,1
BRF:6
BRH:3
end_of_record
TN:
SF:Tests\balance.spec.js
FNF:0
FNH:0
LF:0
LH:0
BRF:0
BRH:0
end_of_record
TN:
SF:Tests\company.spec.js
FNF:0
FNH:0
LF:0
LH:0
BRF:0
BRH:0
end_of_record
TN:
SF:Tests\invoice.spec.js
FNF:0
FNH:0
LF:0
LH:0
BRF:0
BRH:0
end_of_record
TN:
SF:Tests\product.spec.js
FNF:0
FNH:0
LF:0
LH:0
BRF:0
BRH:0
end_of_record
TN:
SF:Tests\transaction.spec.js
FNF:0
FNH:0
LF:0
LH:0
BRF:0
BRH:0
end_of_record
TN:
SF:Tests\config\constants.js
FN:2,(anonymous_0)
FN:5,(anonymous_1)
FNF:2
FNH:1
FNDA:1,(anonymous_0)
FNDA:0,(anonymous_1)
DA:1,1
DA:3,1
DA:6,0
LF:3
LH:2
BRF:0
BRH:0
end_of_record
TN:
SF:Tests\config\testConfig.js
FNF:0
FNH:0
DA:1,1
DA:2,1
DA:3,1
DA:5,1
DA:10,1
DA:12,1
LF:6
LH:6
BRF:0
BRH:0
end_of_record
